

Processing HomeController#index (for 12.100.32.41 at 2010-12-18 04:33:57) [GET]
  [4;36;1mHome Load (0.0ms)[0m   [0;1mSQLite3::SQLException: no such table: homes: SELECT * FROM "homes" [0m

ActiveRecord::StatementInvalid (SQLite3::SQLException: no such table: homes: SELECT * FROM "homes" ):
  app/controllers/home_controller.rb:5:in `index'
  dispatch.fcgi:24

Rendered rescues/_trace (157.9ms)
Rendered rescues/_request_and_response (1.4ms)
Rendering rescues/layout (internal_server_error)
  [4;36;1mSQL (6.9ms)[0m   [0;1mSET NAMES 'utf8'[0m
  [4;35;1mSQL (4.8ms)[0m   [0mSET SQL_AUTO_IS_NULL=0[0m


Processing HomeController#index (for 12.100.32.41 at 2010-12-18 04:35:48) [GET]
  [4;36;1mHome Load (5.8ms)[0m   [0;1mSELECT * FROM `homes` [0m
Rendering template within layouts/rockonusa
Rendering home/index
Completed in 443ms (View: 387, DB: 17) | 200 OK [http://rockon-usa.com/home]
  [4;35;1mSQL (0.1ms)[0m   [0mSET NAMES 'utf8'[0m
  [4;36;1mSQL (0.1ms)[0m   [0;1mSET SQL_AUTO_IS_NULL=0[0m


Processing HomeController#index (for 12.100.32.41 at 2010-12-18 04:36:30) [GET]
  [4;35;1mHome Load (7.9ms)[0m   [0mSELECT * FROM `homes` [0m
Rendering template within layouts/rockonusa
Rendering home/index
Completed in 19ms (View: 5, DB: 8) | 200 OK [http://rockon-usa.com/home]
  [4;36;1mSQL (1.3ms)[0m   [0;1mSET NAMES 'utf8'[0m
  [4;35;1mSQL (0.5ms)[0m   [0mSET SQL_AUTO_IS_NULL=0[0m


Processing ServicesandproductsController#index (for 12.100.32.41 at 2010-12-18 04:38:06) [GET]
  [4;36;1mServicesandproduct Load (15.6ms)[0m   [0;1mSELECT * FROM `servicesandproducts` [0m
Rendering template within layouts/rockonusa
Rendering servicesandproducts/index
Completed in 319ms (View: 198, DB: 18) | 200 OK [http://rockon-usa.com/servicesandproducts]
  [4;35;1mSQL (4.9ms)[0m   [0mSET NAMES 'utf8'[0m
  [4;36;1mSQL (4.7ms)[0m   [0;1mSET SQL_AUTO_IS_NULL=0[0m


Processing AboutusController#index (for 12.100.32.41 at 2010-12-18 04:38:09) [GET]
  [4;35;1mAboutu Load (7.2ms)[0m   [0mSELECT * FROM `aboutus` [0m
Rendering template within layouts/rockonusa
Rendering aboutus/index
Completed in 166ms (View: 110, DB: 17) | 200 OK [http://rockon-usa.com/aboutus]
  [4;36;1mSQL (2.5ms)[0m   [0;1mSET NAMES 'utf8'[0m
  [4;35;1mSQL (4.1ms)[0m   [0mSET SQL_AUTO_IS_NULL=0[0m


Processing DisclaimersController#index (for 12.100.32.41 at 2010-12-18 04:38:13) [GET]
  [4;36;1mDisclaimer Load (9.9ms)[0m   [0;1mSELECT * FROM `disclaimers` [0m
Rendering template within layouts/rockonusa
Rendering disclaimers/index
Completed in 231ms (View: 156, DB: 17) | 200 OK [http://rockon-usa.com/disclaimers]
  [4;35;1mSQL (4.9ms)[0m   [0mSET NAMES 'utf8'[0m
  [4;36;1mSQL (2.7ms)[0m   [0;1mSET SQL_AUTO_IS_NULL=0[0m


Processing TermsController#index (for 12.100.32.41 at 2010-12-18 04:38:16) [GET]
  [4;35;1mTerm Load (1.9ms)[0m   [0mSELECT * FROM `terms` [0m
Rendering template within layouts/rockonusa
Rendering terms/index
Completed in 47ms (View: 23, DB: 10) | 200 OK [http://rockon-usa.com/terms]
  [4;36;1mSQL (1.9ms)[0m   [0;1mSET NAMES 'utf8'[0m
  [4;35;1mSQL (12.7ms)[0m   [0mSET SQL_AUTO_IS_NULL=0[0m


Processing ServicesandproductsController#index (for 12.100.32.41 at 2010-12-18 04:38:21) [GET]
  [4;36;1mServicesandproduct Load (21.8ms)[0m   [0;1mSELECT * FROM `servicesandproducts` [0m
Rendering template within layouts/rockonusa
Rendering servicesandproducts/index
Completed in 96ms (View: 13, DB: 36) | 200 OK [http://rockon-usa.com/servicesandproducts]
  [4;36;1mSQL (8.9ms)[0m   [0;1mSET NAMES 'utf8'[0m
  [4;35;1mSQL (2.7ms)[0m   [0mSET SQL_AUTO_IS_NULL=0[0m


Processing ServicesandproductsController#index (for 12.100.32.41 at 2010-12-18 04:38:22) [GET]
  [4;36;1mServicesandproduct Load (38.6ms)[0m   [0;1mSELECT * FROM `servicesandproducts` [0m
Rendering template within layouts/rockonusa
Rendering servicesandproducts/index
Completed in 230ms (View: 163, DB: 50) | 200 OK [http://rockon-usa.com/servicesandproducts]
  [4;35;1mSQL (0.1ms)[0m   [0mSET NAMES 'utf8'[0m
  [4;36;1mSQL (0.1ms)[0m   [0;1mSET SQL_AUTO_IS_NULL=0[0m
  [4;36;1mSQL (0.2ms)[0m   [0;1mSET NAMES 'utf8'[0m
  [4;35;1mSQL (0.1ms)[0m   [0mSET SQL_AUTO_IS_NULL=0[0m


Processing AboutusController#index (for 12.100.32.41 at 2010-12-18 04:38:24) [GET]
  [4;36;1mAboutu Load (5.8ms)[0m   [0;1mSELECT * FROM `aboutus` [0m


Processing PastprojectsController#index (for 12.100.32.41 at 2010-12-18 04:38:24) [GET]
Rendering template within layouts/rockonusa
Rendering aboutus/index
  [4;35;1mPastproject Load (3.5ms)[0m   [0mSELECT * FROM `pastprojects` [0m
Rendering template within layouts/rockonusa
Rendering pastprojects/index
Completed in 170ms (View: 141, DB: 6) | 200 OK [http://rockon-usa.com/aboutus]
Completed in 169ms (View: 147, DB: 4) | 200 OK [http://rockon-usa.com/pastprojects]
  [4;36;1mSQL (0.1ms)[0m   [0;1mSET NAMES 'utf8'[0m
  [4;35;1mSQL (0.6ms)[0m   [0mSET SQL_AUTO_IS_NULL=0[0m


Processing ProjectsController#index (for 12.100.32.41 at 2010-12-18 04:38:30) [GET]
  [4;36;1mProject Load (0.4ms)[0m   [0;1mSELECT * FROM `projects` [0m
Rendering template within layouts/rockonusa
Rendering projects/index
Completed in 18ms (View: 11, DB: 1) | 200 OK [http://rockon-usa.com/projects]
  [4;35;1mSQL (0.1ms)[0m   [0mSET NAMES 'utf8'[0m
  [4;36;1mSQL (0.1ms)[0m   [0;1mSET SQL_AUTO_IS_NULL=0[0m


Processing HomeController#index (for 12.100.32.41 at 2010-12-18 04:38:35) [GET]
  [4;35;1mHome Load (0.1ms)[0m   [0mSELECT * FROM `homes` [0m
Rendering template within layouts/rockonusa
Rendering home/index
Completed in 15ms (View: 9, DB: 0) | 200 OK [http://rockon-usa.com/home]
  [4;35;1mSQL (0.1ms)[0m   [0mSET NAMES 'utf8'[0m
  [4;36;1mSQL (0.1ms)[0m   [0;1mSET SQL_AUTO_IS_NULL=0[0m


Processing HomeController#index (for 12.100.32.41 at 2010-12-18 04:38:57) [GET]
  [4;35;1mHome Load (0.2ms)[0m   [0mSELECT * FROM `homes` [0m
Rendering template within layouts/rockonusa
Rendering home/index
Completed in 17ms (View: 10, DB: 0) | 200 OK [http://rockon-usa.com/]
  [4;36;1mSQL (0.3ms)[0m   [0;1mSET NAMES 'utf8'[0m
  [4;35;1mSQL (0.1ms)[0m   [0mSET SQL_AUTO_IS_NULL=0[0m


Processing HomeController#index (for 12.100.32.41 at 2010-12-18 09:19:09) [GET]
  [4;36;1mHome Load (8.3ms)[0m   [0;1mSELECT * FROM `homes` [0m
Rendering template within layouts/rockonusa
Rendering home/index
Completed in 108ms (View: 85, DB: 9) | 200 OK [http://rockon-usa.com/]
  [4;35;1mSQL (0.1ms)[0m   [0mSET NAMES 'utf8'[0m
  [4;36;1mSQL (0.1ms)[0m   [0;1mSET SQL_AUTO_IS_NULL=0[0m


Processing AboutusController#index (for 12.100.32.41 at 2010-12-18 09:19:16) [GET]
  [4;35;1mAboutu Load (0.4ms)[0m   [0mSELECT * FROM `aboutus` [0m
Rendering template within layouts/rockonusa
Rendering aboutus/index
Completed in 22ms (View: 14, DB: 1) | 200 OK [http://rockon-usa.com/aboutus]
  [4;36;1mSQL (0.1ms)[0m   [0;1mSET NAMES 'utf8'[0m
  [4;35;1mSQL (0.1ms)[0m   [0mSET SQL_AUTO_IS_NULL=0[0m


Processing ContactusController#index (for 12.100.32.41 at 2010-12-18 09:19:18) [GET]
  [4;36;1mContactu Load (6.9ms)[0m   [0;1mSELECT * FROM `contactus` [0m
Rendering template within layouts/rockonusa
Rendering contactus/index
Completed in 59ms (View: 26, DB: 7) | 200 OK [http://rockon-usa.com/contactus]
  [4;35;1mSQL (0.1ms)[0m   [0mSET NAMES 'utf8'[0m
  [4;36;1mSQL (0.2ms)[0m   [0;1mSET SQL_AUTO_IS_NULL=0[0m


Processing DisclaimersController#index (for 12.100.32.41 at 2010-12-18 09:19:21) [GET]
  [4;35;1mDisclaimer Load (2.2ms)[0m   [0mSELECT * FROM `disclaimers` [0m
Rendering template within layouts/rockonusa
Rendering disclaimers/index
Completed in 26ms (View: 11, DB: 2) | 200 OK [http://rockon-usa.com/disclaimers]
  [4;36;1mSQL (0.1ms)[0m   [0;1mSET NAMES 'utf8'[0m
  [4;35;1mSQL (0.1ms)[0m   [0mSET SQL_AUTO_IS_NULL=0[0m


Processing TermsController#index (for 12.100.32.41 at 2010-12-18 09:19:25) [GET]
  [4;36;1mTerm Load (0.5ms)[0m   [0;1mSELECT * FROM `terms` [0m
Rendering template within layouts/rockonusa
Rendering terms/index
Completed in 31ms (View: 10, DB: 1) | 200 OK [http://rockon-usa.com/terms]
  [4;35;1mSQL (0.1ms)[0m   [0mSET NAMES 'utf8'[0m
  [4;36;1mSQL (0.1ms)[0m   [0;1mSET SQL_AUTO_IS_NULL=0[0m


Processing HomeController#index (for 12.100.32.41 at 2010-12-18 09:19:32) [GET]
  [4;35;1mHome Load (14.9ms)[0m   [0mSELECT * FROM `homes` [0m
Rendering template within layouts/rockonusa
Rendering home/index
Completed in 340ms (View: 4, DB: 15) | 200 OK [http://rockon-usa.com/home]
  [4;36;1mSQL (0.1ms)[0m   [0;1mSET NAMES 'utf8'[0m
  [4;35;1mSQL (0.1ms)[0m   [0mSET SQL_AUTO_IS_NULL=0[0m


Processing PastprojectsController#index (for 12.100.32.41 at 2010-12-18 09:19:33) [GET]
  [4;36;1mPastproject Load (0.4ms)[0m   [0;1mSELECT * FROM `pastprojects` [0m
Rendering template within layouts/rockonusa
Rendering pastprojects/index
Completed in 38ms (View: 21, DB: 1) | 200 OK [http://rockon-usa.com/pastprojects]
  [4;35;1mSQL (0.1ms)[0m   [0mSET NAMES 'utf8'[0m
  [4;36;1mSQL (0.1ms)[0m   [0;1mSET SQL_AUTO_IS_NULL=0[0m


Processing ProjectsController#index (for 12.100.32.41 at 2010-12-18 09:19:35) [GET]
  [4;35;1mProject Load (1.4ms)[0m   [0mSELECT * FROM `projects` [0m
Rendering template within layouts/rockonusa
Rendering projects/index
Completed in 48ms (View: 19, DB: 2) | 200 OK [http://rockon-usa.com/projects]
  [4;36;1mSQL (0.2ms)[0m   [0;1mSET NAMES 'utf8'[0m
  [4;35;1mSQL (0.1ms)[0m   [0mSET SQL_AUTO_IS_NULL=0[0m


Processing HomeController#index (for 12.100.32.41 at 2010-12-18 14:15:59) [GET]
  [4;36;1mHome Load (0.4ms)[0m   [0;1mSELECT * FROM `homes` [0m
Rendering template within layouts/rockonusa
Rendering home/index
Completed in 98ms (View: 88, DB: 1) | 200 OK [http://rockon-usa.com/]
  [4;35;1mSQL (0.1ms)[0m   [0mSET NAMES 'utf8'[0m
  [4;36;1mSQL (0.1ms)[0m   [0;1mSET SQL_AUTO_IS_NULL=0[0m


Processing PastprojectsController#index (for 12.100.32.41 at 2010-12-18 14:16:24) [GET]
  [4;35;1mPastproject Load (0.8ms)[0m   [0mSELECT * FROM `pastprojects` [0m
Rendering template within layouts/rockonusa
Rendering pastprojects/index
Completed in 39ms (View: 32, DB: 1) | 200 OK [http://rockon-usa.com/pastprojects]
  [4;36;1mSQL (2.9ms)[0m   [0;1mSET NAMES 'utf8'[0m
  [4;35;1mSQL (3.7ms)[0m   [0mSET SQL_AUTO_IS_NULL=0[0m


Processing HomeController#index (for 12.100.32.41 at 2010-12-18 14:19:25) [GET]
  [4;36;1mHome Load (18.3ms)[0m   [0;1mSELECT * FROM `homes` [0m
Rendering template within layouts/rockonusa
Rendering home/index
Completed in 97ms (View: 72, DB: 25) | 200 OK [http://rockon-usa.com/home]
  [4;35;1mSQL (0.1ms)[0m   [0mSET NAMES 'utf8'[0m
  [4;36;1mSQL (0.1ms)[0m   [0;1mSET SQL_AUTO_IS_NULL=0[0m


Processing HomeController#index (for 12.100.32.41 at 2010-12-18 14:19:27) [GET]
  [4;35;1mHome Load (1.7ms)[0m   [0mSELECT * FROM `homes` [0m
Rendering template within layouts/rockonusa
Rendering home/index
Completed in 88ms (View: 40, DB: 2) | 200 OK [http://rockon-usa.com/home]
  [4;36;1mSQL (4.9ms)[0m   [0;1mSET NAMES 'utf8'[0m
  [4;35;1mSQL (1.7ms)[0m   [0mSET SQL_AUTO_IS_NULL=0[0m


Processing HomeController#index (for 12.100.32.41 at 2010-12-18 14:19:33) [GET]
  [4;36;1mHome Load (7.4ms)[0m   [0;1mSELECT * FROM `homes` [0m
Rendering template within layouts/rockonusa
Rendering home/index
Completed in 188ms (View: 157, DB: 14) | 200 OK [http://rockon-usa.com/home]
  [4;35;1mSQL (0.1ms)[0m   [0mSET NAMES 'utf8'[0m
  [4;36;1mSQL (0.1ms)[0m   [0;1mSET SQL_AUTO_IS_NULL=0[0m


Processing ServicesandproductsController#index (for 12.100.32.41 at 2010-12-18 14:19:35) [GET]
  [4;35;1mServicesandproduct Load (6.4ms)[0m   [0mSELECT * FROM `servicesandproducts` [0m
Rendering template within layouts/rockonusa
Rendering servicesandproducts/index
Completed in 75ms (View: 22, DB: 7) | 200 OK [http://rockon-usa.com/servicesandproducts]
  [4;36;1mSQL (0.1ms)[0m   [0;1mSET NAMES 'utf8'[0m
  [4;35;1mSQL (0.1ms)[0m   [0mSET SQL_AUTO_IS_NULL=0[0m


Processing AboutusController#index (for 12.100.32.41 at 2010-12-18 14:19:39) [GET]
  [4;36;1mAboutu Load (1.6ms)[0m   [0;1mSELECT * FROM `aboutus` [0m
Rendering template within layouts/rockonusa
Rendering aboutus/index
Completed in 27ms (View: 19, DB: 2) | 200 OK [http://rockon-usa.com/aboutus]
  [4;35;1mSQL (0.1ms)[0m   [0mSET NAMES 'utf8'[0m
  [4;36;1mSQL (0.1ms)[0m   [0;1mSET SQL_AUTO_IS_NULL=0[0m


Processing ContactusController#index (for 12.100.32.41 at 2010-12-18 14:19:42) [GET]
  [4;35;1mContactu Load (0.4ms)[0m   [0mSELECT * FROM `contactus` [0m
Rendering template within layouts/rockonusa
Rendering contactus/index
Completed in 16ms (View: 9, DB: 1) | 200 OK [http://rockon-usa.com/contactus]
  [4;36;1mSQL (0.1ms)[0m   [0;1mSET NAMES 'utf8'[0m
  [4;35;1mSQL (1.4ms)[0m   [0mSET SQL_AUTO_IS_NULL=0[0m


Processing DisclaimersController#index (for 12.100.32.41 at 2010-12-18 14:19:46) [GET]
  [4;36;1mDisclaimer Load (0.4ms)[0m   [0;1mSELECT * FROM `disclaimers` [0m
Rendering template within layouts/rockonusa
Rendering disclaimers/index
Completed in 25ms (View: 10, DB: 2) | 200 OK [http://rockon-usa.com/disclaimers]
  [4;35;1mSQL (0.1ms)[0m   [0mSET NAMES 'utf8'[0m
  [4;36;1mSQL (0.1ms)[0m   [0;1mSET SQL_AUTO_IS_NULL=0[0m


Processing TermsController#index (for 12.100.32.41 at 2010-12-18 14:19:49) [GET]
  [4;35;1mTerm Load (0.5ms)[0m   [0mSELECT * FROM `terms` [0m
Rendering template within layouts/rockonusa
Rendering terms/index
Completed in 116ms (View: 34, DB: 1) | 200 OK [http://rockon-usa.com/terms]
  [4;36;1mSQL (0.1ms)[0m   [0;1mSET NAMES 'utf8'[0m
  [4;35;1mSQL (0.1ms)[0m   [0mSET SQL_AUTO_IS_NULL=0[0m


Processing HomeController#index (for 12.100.32.41 at 2010-12-18 14:19:53) [GET]
  [4;36;1mHome Load (4.2ms)[0m   [0;1mSELECT * FROM `homes` [0m
Rendering template within layouts/rockonusa
Rendering home/index
Completed in 28ms (View: 5, DB: 4) | 200 OK [http://rockon-usa.com/home]
  [4;36;1mSQL (0.2ms)[0m   [0;1mSET NAMES 'utf8'[0m
  [4;35;1mSQL (0.1ms)[0m   [0mSET SQL_AUTO_IS_NULL=0[0m


Processing HomeController#index (for 207.46.195.106 at 2010-12-19 05:55:02) [GET]
  [4;36;1mHome Load (26.8ms)[0m   [0;1mSELECT * FROM `homes` [0m
Rendering template within layouts/rockonusa
Rendering home/index
Completed in 105ms (View: 61, DB: 27) | 200 OK [http://rockon-usa.com/]
  [4;36;1mSQL (6.0ms)[0m   [0;1mSET NAMES 'utf8'[0m
  [4;35;1mSQL (6.0ms)[0m   [0mSET SQL_AUTO_IS_NULL=0[0m


Processing HomeController#index (for 66.249.68.133 at 2010-12-19 15:18:22) [GET]
  [4;36;1mHome Load (10.1ms)[0m   [0;1mSELECT * FROM `homes` [0m
Rendering template within layouts/rockonusa
Rendering home/index
Completed in 105ms (View: 77, DB: 22) | 200 OK [http://rockon-usa.com/]
  [4;36;1mSQL (0.1ms)[0m   [0;1mSET NAMES 'utf8'[0m
  [4;35;1mSQL (0.2ms)[0m   [0mSET SQL_AUTO_IS_NULL=0[0m


Processing HomeController#index (for 66.249.68.133 at 2010-12-19 18:49:06) [GET]
  [4;36;1mHome Load (7.6ms)[0m   [0;1mSELECT * FROM `homes` [0m
Rendering template within layouts/rockonusa
Rendering home/index
Completed in 231ms (View: 181, DB: 8) | 200 OK [http://rockon-usa.com/home]
  [4;35;1mSQL (0.1ms)[0m   [0mSET NAMES 'utf8'[0m
  [4;36;1mSQL (0.1ms)[0m   [0;1mSET SQL_AUTO_IS_NULL=0[0m


Processing TermsController#index (for 66.249.68.133 at 2010-12-19 18:49:50) [GET]
  [4;35;1mTerm Load (14.3ms)[0m   [0mSELECT * FROM `terms` [0m
Rendering template within layouts/rockonusa
Rendering terms/index
Completed in 46ms (View: 21, DB: 14) | 200 OK [http://rockon-usa.com/terms]
  [4;36;1mSQL (15.7ms)[0m   [0;1mSET NAMES 'utf8'[0m
  [4;35;1mSQL (2.1ms)[0m   [0mSET SQL_AUTO_IS_NULL=0[0m


Processing AboutusController#index (for 66.249.68.133 at 2010-12-19 18:52:11) [GET]
  [4;36;1mAboutu Load (838.2ms)[0m   [0;1mSELECT * FROM `aboutus` [0m
Rendering template within layouts/rockonusa
Rendering aboutus/index
Completed in 892ms (View: 47, DB: 856) | 200 OK [http://rockon-usa.com/aboutus]
  [4;36;1mSQL (1.1ms)[0m   [0;1mSET NAMES 'utf8'[0m
  [4;35;1mSQL (3.0ms)[0m   [0mSET SQL_AUTO_IS_NULL=0[0m


Processing ProjectsController#index (for 66.249.68.133 at 2010-12-19 18:54:40) [GET]
  [4;36;1mProject Load (83.3ms)[0m   [0;1mSELECT * FROM `projects` [0m
Rendering template within layouts/rockonusa
Rendering projects/index
Completed in 136ms (View: 30, DB: 87) | 200 OK [http://rockon-usa.com/projects]
  [4;36;1mSQL (1.5ms)[0m   [0;1mSET NAMES 'utf8'[0m
  [4;35;1mSQL (6.7ms)[0m   [0mSET SQL_AUTO_IS_NULL=0[0m


Processing ContactusController#index (for 66.249.68.133 at 2010-12-19 18:58:45) [GET]
  [4;36;1mContactu Load (16.0ms)[0m   [0;1mSELECT * FROM `contactus` [0m
Rendering template within layouts/rockonusa
Rendering contactus/index
Completed in 153ms (View: 92, DB: 24) | 200 OK [http://rockon-usa.com/contactus]
  [4;36;1mSQL (9.9ms)[0m   [0;1mSET NAMES 'utf8'[0m
  [4;35;1mSQL (0.6ms)[0m   [0mSET SQL_AUTO_IS_NULL=0[0m


Processing DisclaimersController#index (for 66.249.68.133 at 2010-12-19 19:16:39) [GET]
  [4;36;1mDisclaimer Load (7.2ms)[0m   [0;1mSELECT * FROM `disclaimers` [0m
Rendering template within layouts/rockonusa
Rendering disclaimers/index
Completed in 109ms (View: 57, DB: 18) | 200 OK [http://rockon-usa.com/disclaimers]
  [4;36;1mSQL (0.2ms)[0m   [0;1mSET NAMES 'utf8'[0m
  [4;35;1mSQL (0.1ms)[0m   [0mSET SQL_AUTO_IS_NULL=0[0m


Processing PastprojectsController#index (for 66.249.68.133 at 2010-12-19 19:40:31) [GET]
  [4;36;1mPastproject Load (42.2ms)[0m   [0;1mSELECT * FROM `pastprojects` [0m
Rendering template within layouts/rockonusa
Rendering pastprojects/index
Completed in 300ms (View: 165, DB: 42) | 200 OK [http://rockon-usa.com/pastprojects]
  [4;36;1mSQL (2.6ms)[0m   [0;1mSET NAMES 'utf8'[0m
  [4;35;1mSQL (2.3ms)[0m   [0mSET SQL_AUTO_IS_NULL=0[0m


Processing ServicesandproductsController#index (for 66.249.68.133 at 2010-12-19 19:50:03) [GET]
  [4;36;1mServicesandproduct Load (1127.3ms)[0m   [0;1mSELECT * FROM `servicesandproducts` [0m
Rendering template within layouts/rockonusa
Rendering servicesandproducts/index
Completed in 1229ms (View: 65, DB: 1132) | 200 OK [http://rockon-usa.com/servicesandproducts]
  [4;36;1mSQL (0.2ms)[0m   [0;1mSET NAMES 'utf8'[0m
  [4;35;1mSQL (0.1ms)[0m   [0mSET SQL_AUTO_IS_NULL=0[0m


Processing HomeController#index (for 173.161.8.89 at 2010-12-21 12:46:40) [GET]
  [4;36;1mHome Load (21.4ms)[0m   [0;1mSELECT * FROM `homes` [0m
Rendering template within layouts/rockonusa
Rendering home/index
Completed in 121ms (View: 85, DB: 22) | 200 OK [http://www.rockon-usa.com/]
  [4;35;1mSQL (0.1ms)[0m   [0mSET NAMES 'utf8'[0m
  [4;36;1mSQL (0.1ms)[0m   [0;1mSET SQL_AUTO_IS_NULL=0[0m


Processing ProjectsController#index (for 173.161.8.89 at 2010-12-21 12:46:55) [GET]
  [4;35;1mProject Load (11.5ms)[0m   [0mSELECT * FROM `projects` [0m
Rendering template within layouts/rockonusa
Rendering projects/index
Completed in 72ms (View: 31, DB: 12) | 200 OK [http://www.rockon-usa.com/projects]
  [4;36;1mSQL (0.1ms)[0m   [0;1mSET NAMES 'utf8'[0m
  [4;35;1mSQL (0.1ms)[0m   [0mSET SQL_AUTO_IS_NULL=0[0m


Processing PastprojectsController#index (for 173.161.8.89 at 2010-12-21 12:46:59) [GET]
  [4;36;1mPastproject Load (11.2ms)[0m   [0;1mSELECT * FROM `pastprojects` [0m
Rendering template within layouts/rockonusa
Rendering pastprojects/index
Completed in 75ms (View: 38, DB: 11) | 200 OK [http://www.rockon-usa.com/pastprojects]
  [4;35;1mSQL (0.1ms)[0m   [0mSET NAMES 'utf8'[0m
  [4;36;1mSQL (0.1ms)[0m   [0;1mSET SQL_AUTO_IS_NULL=0[0m


Processing ServicesandproductsController#index (for 173.161.8.89 at 2010-12-21 12:47:04) [GET]
  [4;35;1mServicesandproduct Load (18.6ms)[0m   [0mSELECT * FROM `servicesandproducts` [0m
Rendering template within layouts/rockonusa
Rendering servicesandproducts/index
Completed in 173ms (View: 129, DB: 19) | 200 OK [http://www.rockon-usa.com/servicesandproducts]
  [4;36;1mSQL (0.1ms)[0m   [0;1mSET NAMES 'utf8'[0m
  [4;35;1mSQL (0.1ms)[0m   [0mSET SQL_AUTO_IS_NULL=0[0m


Processing AboutusController#index (for 173.161.8.89 at 2010-12-21 12:47:08) [GET]
  [4;36;1mAboutu Load (1496.3ms)[0m   [0;1mSELECT * FROM `aboutus` [0m
Rendering template within layouts/rockonusa
Rendering aboutus/index
Completed in 1562ms (View: 27, DB: 1496) | 200 OK [http://www.rockon-usa.com/aboutus]
  [4;35;1mSQL (0.2ms)[0m   [0mSET NAMES 'utf8'[0m
  [4;36;1mSQL (0.1ms)[0m   [0;1mSET SQL_AUTO_IS_NULL=0[0m


Processing ServicesandproductsController#index (for 173.161.8.89 at 2010-12-21 12:47:17) [GET]
  [4;35;1mServicesandproduct Load (12.5ms)[0m   [0mSELECT * FROM `servicesandproducts` [0m
Rendering template within layouts/rockonusa
Rendering servicesandproducts/index
Completed in 37ms (View: 5, DB: 13) | 200 OK [http://www.rockon-usa.com/servicesandproducts]
  [4;36;1mSQL (0.1ms)[0m   [0;1mSET NAMES 'utf8'[0m
  [4;35;1mSQL (0.1ms)[0m   [0mSET SQL_AUTO_IS_NULL=0[0m


Processing HomeController#index (for 173.161.8.89 at 2010-12-21 12:48:12) [GET]
  [4;36;1mHome Load (20.0ms)[0m   [0;1mSELECT * FROM `homes` [0m
Rendering template within layouts/rockonusa
Rendering home/index
Completed in 46ms (View: 5, DB: 20) | 200 OK [http://www.rockon-usa.com/]
  [4;36;1mSQL (0.2ms)[0m   [0;1mSET NAMES 'utf8'[0m
  [4;35;1mSQL (0.1ms)[0m   [0mSET SQL_AUTO_IS_NULL=0[0m


Processing HomeController#index (for 173.161.8.89 at 2010-12-21 12:59:11) [GET]
  [4;36;1mHome Load (14.2ms)[0m   [0;1mSELECT * FROM `homes` [0m
Rendering template within layouts/rockonusa
Rendering home/index
Completed in 90ms (View: 69, DB: 14) | 200 OK [http://www.rockon-usa.com/]
  [4;35;1mSQL (0.1ms)[0m   [0mSET NAMES 'utf8'[0m
  [4;36;1mSQL (0.1ms)[0m   [0;1mSET SQL_AUTO_IS_NULL=0[0m


Processing ProjectsController#index (for 173.161.8.89 at 2010-12-21 12:59:39) [GET]
  [4;35;1mProject Load (0.2ms)[0m   [0mSELECT * FROM `projects` [0m
Rendering template within layouts/rockonusa
Rendering projects/index
Completed in 21ms (View: 13, DB: 0) | 200 OK [http://www.rockon-usa.com/projects]
  [4;36;1mSQL (0.2ms)[0m   [0;1mSET NAMES 'utf8'[0m
  [4;35;1mSQL (0.1ms)[0m   [0mSET SQL_AUTO_IS_NULL=0[0m


Processing PastprojectsController#index (for 173.161.8.89 at 2010-12-21 13:00:39) [GET]
  [4;36;1mPastproject Load (0.2ms)[0m   [0;1mSELECT * FROM `pastprojects` [0m
Rendering template within layouts/rockonusa
Rendering pastprojects/index
Completed in 19ms (View: 13, DB: 0) | 200 OK [http://www.rockon-usa.com/pastprojects]
  [4;35;1mSQL (0.1ms)[0m   [0mSET NAMES 'utf8'[0m
  [4;36;1mSQL (0.1ms)[0m   [0;1mSET SQL_AUTO_IS_NULL=0[0m


Processing ServicesandproductsController#index (for 173.161.8.89 at 2010-12-21 13:00:56) [GET]
  [4;35;1mServicesandproduct Load (0.2ms)[0m   [0mSELECT * FROM `servicesandproducts` [0m
Rendering template within layouts/rockonusa
Rendering servicesandproducts/index
Completed in 31ms (View: 9, DB: 0) | 200 OK [http://www.rockon-usa.com/servicesandproducts]
  [4;36;1mSQL (0.1ms)[0m   [0;1mSET NAMES 'utf8'[0m
  [4;35;1mSQL (0.1ms)[0m   [0mSET SQL_AUTO_IS_NULL=0[0m


Processing ContactusController#index (for 173.161.8.89 at 2010-12-21 13:01:12) [GET]
  [4;36;1mContactu Load (9.1ms)[0m   [0;1mSELECT * FROM `contactus` [0m
Rendering template within layouts/rockonusa
Rendering contactus/index
Completed in 163ms (View: 28, DB: 9) | 200 OK [http://www.rockon-usa.com/contactus]
  [4;35;1mSQL (0.9ms)[0m   [0mSET NAMES 'utf8'[0m
  [4;36;1mSQL (0.1ms)[0m   [0;1mSET SQL_AUTO_IS_NULL=0[0m


Processing AboutusController#index (for 173.161.8.89 at 2010-12-21 13:01:17) [GET]
  [4;35;1mAboutu Load (0.2ms)[0m   [0mSELECT * FROM `aboutus` [0m
Rendering template within layouts/rockonusa
Rendering aboutus/index
Completed in 17ms (View: 11, DB: 1) | 200 OK [http://www.rockon-usa.com/aboutus]
  [4;36;1mSQL (0.1ms)[0m   [0;1mSET NAMES 'utf8'[0m
  [4;35;1mSQL (0.1ms)[0m   [0mSET SQL_AUTO_IS_NULL=0[0m


Processing TermsController#index (for 173.161.8.89 at 2010-12-21 13:01:27) [GET]
  [4;36;1mTerm Load (10.2ms)[0m   [0;1mSELECT * FROM `terms` [0m
Rendering template within layouts/rockonusa
Rendering terms/index
Completed in 55ms (View: 29, DB: 10) | 200 OK [http://www.rockon-usa.com/terms]
  [4;35;1mSQL (0.1ms)[0m   [0mSET NAMES 'utf8'[0m
  [4;36;1mSQL (0.1ms)[0m   [0;1mSET SQL_AUTO_IS_NULL=0[0m


Processing DisclaimersController#index (for 173.161.8.89 at 2010-12-21 13:01:37) [GET]
  [4;35;1mDisclaimer Load (103.6ms)[0m   [0mSELECT * FROM `disclaimers` [0m
Rendering template within layouts/rockonusa
Rendering disclaimers/index
Completed in 133ms (View: 15, DB: 104) | 200 OK [http://www.rockon-usa.com/disclaimers]
  [4;36;1mSQL (0.1ms)[0m   [0;1mSET NAMES 'utf8'[0m
  [4;35;1mSQL (0.1ms)[0m   [0mSET SQL_AUTO_IS_NULL=0[0m


Processing HomeController#index (for 82.80.249.160 at 2010-12-23 17:40:53) [GET]
  [4;36;1mHome Load (92.5ms)[0m   [0;1mSELECT * FROM `homes` [0m
Rendering template within layouts/rockonusa
Rendering home/index
Completed in 179ms (View: 77, DB: 93) | 200 OK [http://www.rockon-usa.com/]
  [4;36;1mSQL (0.2ms)[0m   [0;1mSET NAMES 'utf8'[0m
  [4;35;1mSQL (0.1ms)[0m   [0mSET SQL_AUTO_IS_NULL=0[0m


Processing AboutusController#index (for 66.249.68.133 at 2010-12-24 04:47:53) [GET]
  [4;36;1mAboutu Load (16.0ms)[0m   [0;1mSELECT * FROM `aboutus` [0m
Rendering template within layouts/rockonusa
Rendering aboutus/index
Completed in 101ms (View: 77, DB: 16) | 200 OK [http://rockon-usa.com/aboutus]
  [4;36;1mSQL (2.5ms)[0m   [0;1mSET NAMES 'utf8'[0m
  [4;35;1mSQL (0.5ms)[0m   [0mSET SQL_AUTO_IS_NULL=0[0m


Processing ContactusController#index (for 66.249.68.133 at 2010-12-24 06:25:01) [GET]
  [4;36;1mContactu Load (22.1ms)[0m   [0;1mSELECT * FROM `contactus` [0m
Rendering template within layouts/rockonusa
Rendering contactus/index
Completed in 293ms (View: 209, DB: 25) | 200 OK [http://rockon-usa.com/contactus]
  [4;36;1mSQL (0.2ms)[0m   [0;1mSET NAMES 'utf8'[0m
  [4;35;1mSQL (0.1ms)[0m   [0mSET SQL_AUTO_IS_NULL=0[0m


Processing HomeController#index (for 38.127.197.111 at 2010-12-24 13:20:35) [GET]
  [4;36;1mHome Load (1439.2ms)[0m   [0;1mSELECT * FROM `homes` [0m
Rendering template within layouts/rockonusa
Rendering home/index
Completed in 1562ms (View: 112, DB: 1440) | 200 OK [http://www.rockon-usa.com/]
  [4;35;1mSQL (0.1ms)[0m   [0mSET NAMES 'utf8'[0m
  [4;36;1mSQL (0.1ms)[0m   [0;1mSET SQL_AUTO_IS_NULL=0[0m


Processing DisclaimersController#index (for 38.127.197.111 at 2010-12-24 13:20:39) [GET]
  [4;35;1mDisclaimer Load (10.3ms)[0m   [0mSELECT * FROM `disclaimers` [0m
Rendering template within layouts/rockonusa
Rendering disclaimers/index
Completed in 55ms (View: 17, DB: 10) | 200 OK [http://www.rockon-usa.com/disclaimers]
  [4;36;1mSQL (0.1ms)[0m   [0;1mSET NAMES 'utf8'[0m
  [4;35;1mSQL (0.1ms)[0m   [0mSET SQL_AUTO_IS_NULL=0[0m


Processing ProjectsController#index (for 38.127.197.111 at 2010-12-24 13:20:39) [GET]
  [4;36;1mProject Load (785.1ms)[0m   [0;1mSELECT * FROM `projects` [0m
Rendering template within layouts/rockonusa
Rendering projects/index
Completed in 909ms (View: 40, DB: 785) | 200 OK [http://www.rockon-usa.com/projects]
  [4;35;1mSQL (0.1ms)[0m   [0mSET NAMES 'utf8'[0m
  [4;36;1mSQL (0.1ms)[0m   [0;1mSET SQL_AUTO_IS_NULL=0[0m


Processing ContactusController#index (for 38.127.197.111 at 2010-12-24 13:20:41) [GET]
  [4;35;1mContactu Load (0.3ms)[0m   [0mSELECT * FROM `contactus` [0m
Rendering template within layouts/rockonusa
Rendering contactus/index
Completed in 33ms (View: 16, DB: 0) | 200 OK [http://www.rockon-usa.com/contactus]
  [4;36;1mSQL (0.1ms)[0m   [0;1mSET NAMES 'utf8'[0m
  [4;35;1mSQL (0.1ms)[0m   [0mSET SQL_AUTO_IS_NULL=0[0m


Processing TermsController#index (for 38.127.197.111 at 2010-12-24 13:20:41) [GET]
  [4;36;1mTerm Load (11.5ms)[0m   [0;1mSELECT * FROM `terms` [0m
Rendering template within layouts/rockonusa
Rendering terms/index
Completed in 28ms (View: 10, DB: 12) | 200 OK [http://www.rockon-usa.com/terms]
  [4;35;1mSQL (0.1ms)[0m   [0mSET NAMES 'utf8'[0m
  [4;36;1mSQL (0.1ms)[0m   [0;1mSET SQL_AUTO_IS_NULL=0[0m


Processing ServicesandproductsController#index (for 38.127.197.111 at 2010-12-24 13:20:42) [GET]
  [4;35;1mServicesandproduct Load (1.6ms)[0m   [0mSELECT * FROM `servicesandproducts` [0m
Rendering template within layouts/rockonusa
Rendering servicesandproducts/index
Completed in 351ms (View: 23, DB: 2) | 200 OK [http://www.rockon-usa.com/servicesandproducts]
  [4;36;1mSQL (0.1ms)[0m   [0;1mSET NAMES 'utf8'[0m
  [4;35;1mSQL (0.1ms)[0m   [0mSET SQL_AUTO_IS_NULL=0[0m


Processing ServicesandproductsController#index (for 38.127.197.111 at 2010-12-24 13:20:42) [GET]
  [4;36;1mServicesandproduct Load (0.2ms)[0m   [0;1mSELECT * FROM `servicesandproducts` [0m
Rendering template within layouts/rockonusa
Rendering servicesandproducts/index
Completed in 12ms (View: 5, DB: 0) | 200 OK [http://www.rockon-usa.com/servicesandproducts]
  [4;35;1mSQL (0.1ms)[0m   [0mSET NAMES 'utf8'[0m
  [4;36;1mSQL (0.1ms)[0m   [0;1mSET SQL_AUTO_IS_NULL=0[0m


Processing PastprojectsController#index (for 38.127.197.111 at 2010-12-24 13:20:43) [GET]
  [4;35;1mPastproject Load (2.4ms)[0m   [0mSELECT * FROM `pastprojects` [0m
Rendering template within layouts/rockonusa
Rendering pastprojects/index
Completed in 40ms (View: 20, DB: 3) | 200 OK [http://www.rockon-usa.com/pastprojects]
  [4;36;1mSQL (0.1ms)[0m   [0;1mSET NAMES 'utf8'[0m
  [4;35;1mSQL (0.1ms)[0m   [0mSET SQL_AUTO_IS_NULL=0[0m


Processing HomeController#index (for 38.127.197.111 at 2010-12-24 13:20:43) [GET]
  [4;36;1mHome Load (0.2ms)[0m   [0;1mSELECT * FROM `homes` [0m
Rendering template within layouts/rockonusa
Rendering home/index
Completed in 27ms (View: 7, DB: 0) | 200 OK [http://www.rockon-usa.com/home]
  [4;35;1mSQL (0.1ms)[0m   [0mSET NAMES 'utf8'[0m
  [4;36;1mSQL (0.1ms)[0m   [0;1mSET SQL_AUTO_IS_NULL=0[0m


Processing AboutusController#index (for 38.127.197.111 at 2010-12-24 13:20:45) [GET]
  [4;35;1mAboutu Load (15.2ms)[0m   [0mSELECT * FROM `aboutus` [0m
Rendering template within layouts/rockonusa
Rendering aboutus/index
Completed in 55ms (View: 18, DB: 15) | 200 OK [http://www.rockon-usa.com/aboutus]
  [4;36;1mSQL (0.2ms)[0m   [0;1mSET NAMES 'utf8'[0m
  [4;35;1mSQL (0.1ms)[0m   [0mSET SQL_AUTO_IS_NULL=0[0m


Processing ContactusController#index (for 66.249.68.133 at 2010-12-24 23:42:50) [GET]
  [4;36;1mContactu Load (1.3ms)[0m   [0;1mSELECT * FROM `contactus` [0m
Rendering template within layouts/rockonusa
Rendering contactus/index
Completed in 1763ms (View: 1754, DB: 2) | 200 OK [http://rockon-usa.com/contactus]
  [4;36;1mSQL (0.2ms)[0m   [0;1mSET NAMES 'utf8'[0m
  [4;35;1mSQL (0.1ms)[0m   [0mSET SQL_AUTO_IS_NULL=0[0m


Processing HomeController#index (for 66.249.68.133 at 2010-12-25 06:19:05) [GET]
  [4;36;1mHome Load (0.5ms)[0m   [0;1mSELECT * FROM `homes` [0m
Rendering template within layouts/rockonusa
Rendering home/index
Completed in 52ms (View: 46, DB: 1) | 200 OK [http://rockon-usa.com/]
  [4;36;1mSQL (0.2ms)[0m   [0;1mSET NAMES 'utf8'[0m
  [4;35;1mSQL (0.1ms)[0m   [0mSET SQL_AUTO_IS_NULL=0[0m


Processing HomeController#index (for 95.65.74.138 at 2010-12-25 22:23:12) [GET]
  [4;36;1mHome Load (28.4ms)[0m   [0;1mSELECT * FROM `homes` [0m
Rendering template within layouts/rockonusa
Rendering home/index
Completed in 141ms (View: 77, DB: 29) | 200 OK [http://rockon-usa.com/]
  [4;36;1mSQL (0.2ms)[0m   [0;1mSET NAMES 'utf8'[0m
  [4;35;1mSQL (0.1ms)[0m   [0mSET SQL_AUTO_IS_NULL=0[0m


Processing HomeController#index (for 216.145.5.42 at 2010-12-26 02:02:47) [GET]
  [4;36;1mHome Load (852.5ms)[0m   [0;1mSELECT * FROM `homes` [0m
Rendering template within layouts/rockonusa
Rendering home/index
Completed in 1290ms (View: 426, DB: 853) | 200 OK [http://www.rockon-usa.com/]
  [4;36;1mSQL (0.2ms)[0m   [0;1mSET NAMES 'utf8'[0m
  [4;35;1mSQL (0.1ms)[0m   [0mSET SQL_AUTO_IS_NULL=0[0m


Processing HomeController#index (for 66.249.68.133 at 2010-12-26 19:36:11) [GET]
  [4;36;1mHome Load (0.5ms)[0m   [0;1mSELECT * FROM `homes` [0m
Rendering template within layouts/rockonusa
Rendering home/index
Completed in 281ms (View: 266, DB: 1) | 200 OK [http://rockon-usa.com/home]
  [4;36;1mSQL (2.9ms)[0m   [0;1mSET NAMES 'utf8'[0m
  [4;35;1mSQL (2.9ms)[0m   [0mSET SQL_AUTO_IS_NULL=0[0m


Processing DisclaimersController#index (for 66.249.68.133 at 2010-12-27 01:28:25) [GET]
  [4;36;1mDisclaimer Load (19.9ms)[0m   [0;1mSELECT * FROM `disclaimers` [0m
Rendering template within layouts/rockonusa
Rendering disclaimers/index
Completed in 130ms (View: 97, DB: 26) | 200 OK [http://rockon-usa.com/disclaimers]
  [4;36;1mSQL (0.2ms)[0m   [0;1mSET NAMES 'utf8'[0m
  [4;35;1mSQL (0.1ms)[0m   [0mSET SQL_AUTO_IS_NULL=0[0m


Processing DisclaimersController#index (for 66.249.68.133 at 2010-12-27 21:15:50) [GET]
  [4;36;1mDisclaimer Load (29.2ms)[0m   [0;1mSELECT * FROM `disclaimers` [0m
Rendering template within layouts/rockonusa
Rendering disclaimers/index
Completed in 251ms (View: 185, DB: 29) | 200 OK [http://rockon-usa.com/disclaimers]
  [4;36;1mSQL (4.9ms)[0m   [0;1mSET NAMES 'utf8'[0m
  [4;35;1mSQL (0.2ms)[0m   [0mSET SQL_AUTO_IS_NULL=0[0m


Processing HomeController#index (for 204.236.156.156 at 2010-12-28 11:09:18) [GET]
  [4;36;1mHome Load (18.1ms)[0m   [0;1mSELECT * FROM `homes` [0m
Rendering template within layouts/rockonusa
Rendering home/index
Completed in 102ms (View: 66, DB: 23) | 200 OK [http://www.rockon-usa.com/]
  [4;36;1mSQL (0.2ms)[0m   [0;1mSET NAMES 'utf8'[0m
  [4;35;1mSQL (0.1ms)[0m   [0mSET SQL_AUTO_IS_NULL=0[0m


Processing ContactusController#index (for 66.249.68.133 at 2010-12-28 16:10:25) [GET]
  [4;36;1mContactu Load (23.5ms)[0m   [0;1mSELECT * FROM `contactus` [0m
Rendering template within layouts/rockonusa
Rendering contactus/index
Completed in 186ms (View: 127, DB: 24) | 200 OK [http://rockon-usa.com/contactus]
  [4;36;1mSQL (2.9ms)[0m   [0;1mSET NAMES 'utf8'[0m
  [4;35;1mSQL (2.7ms)[0m   [0mSET SQL_AUTO_IS_NULL=0[0m


Processing ServicesandproductsController#index (for 66.249.68.133 at 2010-12-28 17:48:19) [GET]
  [4;36;1mServicesandproduct Load (22.7ms)[0m   [0;1mSELECT * FROM `servicesandproducts` [0m
Rendering template within layouts/rockonusa
Rendering servicesandproducts/index
Completed in 95ms (View: 63, DB: 28) | 200 OK [http://rockon-usa.com/servicesandproducts]
  [4;36;1mSQL (0.4ms)[0m   [0;1mSET NAMES 'utf8'[0m
  [4;36;1mSQL (0.5ms)[0m   [0;1mSET NAMES 'utf8'[0m
  [4;35;1mSQL (0.1ms)[0m   [0mSET SQL_AUTO_IS_NULL=0[0m
  [4;35;1mSQL (0.2ms)[0m   [0mSET SQL_AUTO_IS_NULL=0[0m


Processing HomeController#index (for 12.100.32.41 at 2010-12-28 23:45:28) [GET]


Processing HomeController#index (for 12.100.32.41 at 2010-12-28 23:45:28) [GET]
  [4;36;1mHome Load (19.2ms)[0m   [0;1mSELECT * FROM `homes` [0m
  [4;36;1mHome Load (24.1ms)[0m   [0;1mSELECT * FROM `homes` [0m
Rendering template within layouts/rockonusa
Rendering template within layouts/rockonusa
Rendering home/index
Rendering home/index
Completed in 115ms (View: 84, DB: 20) | 200 OK [http://rockon-usa.com/]
Completed in 120ms (View: 76, DB: 25) | 200 OK [http://rockon-usa.com/]
  [4;36;1mSQL (0.2ms)[0m   [0;1mSET NAMES 'utf8'[0m
  [4;35;1mSQL (0.1ms)[0m   [0mSET SQL_AUTO_IS_NULL=0[0m


Processing ContactusController#index (for 66.249.68.133 at 2010-12-29 21:34:24) [GET]
  [4;36;1mContactu Load (148.0ms)[0m   [0;1mSELECT * FROM `contactus` [0m
Rendering template within layouts/rockonusa
Rendering contactus/index
Completed in 251ms (View: 84, DB: 148) | 200 OK [http://rockon-usa.com/contactus]
  [4;36;1mSQL (0.2ms)[0m   [0;1mSET NAMES 'utf8'[0m
  [4;35;1mSQL (0.2ms)[0m   [0mSET SQL_AUTO_IS_NULL=0[0m


Processing ApplicationController#index (for 195.234.5.168 at 2010-12-30 06:46:47) [GET]

ActionController::RoutingError (No route matches "/fckeditor/editor/images/anchor.gif" with {:method=>:get}):
  dispatch.fcgi:24

Rendering rescues/layout (not_found)
  [4;36;1mSQL (0.2ms)[0m   [0;1mSET NAMES 'utf8'[0m
  [4;35;1mSQL (0.1ms)[0m   [0mSET SQL_AUTO_IS_NULL=0[0m


Processing AboutusController#index (for 66.249.68.133 at 2010-12-30 18:35:53) [GET]
  [4;36;1mAboutu Load (30.1ms)[0m   [0;1mSELECT * FROM `aboutus` [0m
Rendering template within layouts/rockonusa
Rendering aboutus/index
Completed in 148ms (View: 94, DB: 30) | 200 OK [http://rockon-usa.com/aboutus]
  [4;36;1mSQL (0.2ms)[0m   [0;1mSET NAMES 'utf8'[0m
  [4;35;1mSQL (0.1ms)[0m   [0mSET SQL_AUTO_IS_NULL=0[0m


Processing HomeController#index (for 12.100.32.41 at 2010-12-30 23:52:54) [GET]
  [4;36;1mHome Load (34.1ms)[0m   [0;1mSELECT * FROM `homes` [0m
Rendering template within layouts/rockonusa
Rendering home/index
Completed in 99ms (View: 52, DB: 34) | 200 OK [http://rockon-usa.com/]
  [4;35;1mSQL (0.2ms)[0m   [0mSET NAMES 'utf8'[0m
  [4;36;1mSQL (0.1ms)[0m   [0;1mSET SQL_AUTO_IS_NULL=0[0m


Processing ProjectsController#index (for 12.100.32.41 at 2010-12-30 23:53:17) [GET]
  [4;35;1mProject Load (12.6ms)[0m   [0mSELECT * FROM `projects` [0m
Rendering template within layouts/rockonusa
Rendering projects/index
Completed in 57ms (View: 21, DB: 13) | 200 OK [http://rockon-usa.com/projects]
  [4;36;1mSQL (0.1ms)[0m   [0;1mSET NAMES 'utf8'[0m
  [4;35;1mSQL (0.1ms)[0m   [0mSET SQL_AUTO_IS_NULL=0[0m


Processing PastprojectsController#index (for 12.100.32.41 at 2010-12-30 23:53:23) [GET]
  [4;36;1mPastproject Load (1172.1ms)[0m   [0;1mSELECT * FROM `pastprojects` [0m
Rendering template within layouts/rockonusa
Rendering pastprojects/index
Completed in 1198ms (View: 14, DB: 1172) | 200 OK [http://rockon-usa.com/pastprojects]
  [4;35;1mSQL (0.1ms)[0m   [0mSET NAMES 'utf8'[0m
  [4;36;1mSQL (0.1ms)[0m   [0;1mSET SQL_AUTO_IS_NULL=0[0m


Processing ServicesandproductsController#index (for 12.100.32.41 at 2010-12-30 23:53:26) [GET]
  [4;35;1mServicesandproduct Load (823.1ms)[0m   [0mSELECT * FROM `servicesandproducts` [0m
Rendering template within layouts/rockonusa
Rendering servicesandproducts/index
Completed in 864ms (View: 17, DB: 823) | 200 OK [http://rockon-usa.com/servicesandproducts]
  [4;36;1mSQL (0.2ms)[0m   [0;1mSET NAMES 'utf8'[0m
  [4;35;1mSQL (0.1ms)[0m   [0mSET SQL_AUTO_IS_NULL=0[0m


Processing HomeController#index (for 66.249.68.133 at 2010-12-31 19:01:37) [GET]
  [4;36;1mHome Load (35.6ms)[0m   [0;1mSELECT * FROM `homes` [0m
Rendering template within layouts/rockonusa
Rendering home/index
Completed in 105ms (View: 52, DB: 36) | 200 OK [http://rockon-usa.com/]
